This is pdfTeX, Version 3.14159265-2.6-1.40.21 (MiKTeX 20.7) (preloaded format=pdflatex 2020.9.24)  17 AUG 2022 17:29
entering extended mode
**./notes.tex
(notes.tex
LaTeX2e <2020-02-02> patch level 5
L3 programming layer <2020-09-03>
(C:\Users\andre\AppData\Local\Programs\MiKTeX\tex/latex/base\article.cls
Document Class: article 2019/12/20 v1.4l Standard LaTeX document class
(C:\Users\andre\AppData\Local\Programs\MiKTeX\tex/latex/base\size10.clo
File: size10.clo 2019/12/20 v1.4l Standard LaTeX file (size option)
)
\c@part=\count168
\c@section=\count169
\c@subsection=\count170
\c@subsubsection=\count171
\c@paragraph=\count172
\c@subparagraph=\count173
\c@figure=\count174
\c@table=\count175
\abovecaptionskip=\skip47
\belowcaptionskip=\skip48
\bibindent=\dimen134
)
(C:\Users\andre\AppData\Local\Programs\MiKTeX\tex/latex/base\inputenc.sty
Package: inputenc 2018/08/11 v1.3c Input encoding file
\inpenc@prehook=\toks15
\inpenc@posthook=\toks16
)
(C:\Users\andre\AppData\Local\Programs\MiKTeX\tex/generic/babel\babel.sty
Package: babel 2020/09/01 3.48 The Babel package

(C:\Users\andre\AppData\Local\Programs\MiKTeX\tex/generic/babel\babel.def
File: babel.def 2020/09/01 3.48 Babel common definitions
\babel@savecnt=\count176
\U@D=\dimen135
\l@babelnohyphens=\language79

(C:\Users\andre\AppData\Local\Programs\MiKTeX\tex/generic/babel\txtbabel.def)
\bbl@readstream=\read2
)
\bbl@dirlevel=\count177

*************************************
* Local config file bblopts.cfg used
*
(C:\Users\andre\AppData\Local\Programs\MiKTeX\tex/latex/arabi\bblopts.cfg
File: bblopts.cfg 2005/09/08 v0.1 add Arabic and Farsi to "declared" options of
 babel
)
(C:\Users\andre\AppData\Local\Programs\MiKTeX\tex/latex/babel-english\english.l
df
Language: english 2017/06/06 v3.3r English support from the babel system
Package babel Info: \l@canadian = using hyphenrules for english
(babel)             (\language0) on input line 102.
Package babel Info: \l@australian = using hyphenrules for ukenglish
(babel)             (\language73) on input line 105.
Package babel Info: \l@newzealand = using hyphenrules for ukenglish
(babel)             (\language73) on input line 108.
))
(C:\Users\andre\AppData\Local\Programs\MiKTeX\tex/latex/mathtools\mathtools.sty
Package: mathtools 2021/04/12 v1.27 mathematical typesetting tools
(C:\Users\andre\AppData\Local\Programs\MiKTeX\tex/latex/graphics\keyval.sty
Package: keyval 2014/10/28 v1.15 key=value parser (DPC)
\KV@toks@=\toks17
)
(C:\Users\andre\AppData\Local\Programs\MiKTeX\tex/latex/tools\calc.sty
Package: calc 2017/05/25 v4.3 Infix arithmetic (KKT,FJ)
\calc@Acount=\count178
\calc@Bcount=\count179
\calc@Adimen=\dimen136
\calc@Bdimen=\dimen137
\calc@Askip=\skip49
\calc@Bskip=\skip50
LaTeX Info: Redefining \setlength on input line 80.
LaTeX Info: Redefining \addtolength on input line 81.
\calc@Ccount=\count180
\calc@Cskip=\skip51
)
(C:\Users\andre\AppData\Local\Programs\MiKTeX\tex/latex/mathtools\mhsetup.sty
Package: mhsetup 2021/03/18 v1.4 programming setup (MH)
)
(C:\Users\andre\AppData\Local\Programs\MiKTeX\tex/latex/amsmath\amsmath.sty
Package: amsmath 2020/01/20 v2.17e AMS math features
\@mathmargin=\skip52

For additional information on amsmath, use the `?' option.
(C:\Users\andre\AppData\Local\Programs\MiKTeX\tex/latex/amsmath\amstext.sty
Package: amstext 2000/06/29 v2.01 AMS text

(C:\Users\andre\AppData\Local\Programs\MiKTeX\tex/latex/amsmath\amsgen.sty
File: amsgen.sty 1999/11/30 v2.0 generic functions
\@emptytoks=\toks18
\ex@=\dimen138
))
(C:\Users\andre\AppData\Local\Programs\MiKTeX\tex/latex/amsmath\amsbsy.sty
Package: amsbsy 1999/11/29 v1.2d Bold Symbols
\pmbraise@=\dimen139
)
(C:\Users\andre\AppData\Local\Programs\MiKTeX\tex/latex/amsmath\amsopn.sty
Package: amsopn 2016/03/08 v2.02 operator names
)
\inf@bad=\count181
LaTeX Info: Redefining \frac on input line 227.
\uproot@=\count182
\leftroot@=\count183
LaTeX Info: Redefining \overline on input line 389.
\classnum@=\count184
\DOTSCASE@=\count185
LaTeX Info: Redefining \ldots on input line 486.
LaTeX Info: Redefining \dots on input line 489.
LaTeX Info: Redefining \cdots on input line 610.
\Mathstrutbox@=\box45
\strutbox@=\box46
\big@size=\dimen140
LaTeX Font Info:    Redeclaring font encoding OML on input line 733.
LaTeX Font Info:    Redeclaring font encoding OMS on input line 734.
\macc@depth=\count186
\c@MaxMatrixCols=\count187
\dotsspace@=\muskip16
\c@parentequation=\count188
\dspbrk@lvl=\count189
\tag@help=\toks19
\row@=\count190
\column@=\count191
\maxfields@=\count192
\andhelp@=\toks20
\eqnshift@=\dimen141
\alignsep@=\dimen142
\tagshift@=\dimen143
\tagwidth@=\dimen144
\totwidth@=\dimen145
\lineht@=\dimen146
\@envbody=\toks21
\multlinegap=\skip53
\multlinetaggap=\skip54
\mathdisplay@stack=\toks22
LaTeX Info: Redefining \[ on input line 2859.
LaTeX Info: Redefining \] on input line 2860.
)
LaTeX Info: Thecontrolsequence`\('isalreadyrobust on input line 130.
LaTeX Info: Thecontrolsequence`\)'isalreadyrobust on input line 130.
LaTeX Info: Thecontrolsequence`\['isalreadyrobust on input line 130.
LaTeX Info: Thecontrolsequence`\]'isalreadyrobust on input line 130.
\g_MT_multlinerow_int=\count193
\l_MT_multwidth_dim=\dimen147
\origjot=\skip55
\l_MT_shortvdotswithinadjustabove_dim=\dimen148
\l_MT_shortvdotswithinadjustbelow_dim=\dimen149
\l_MT_above_intertext_sep=\dimen150
\l_MT_below_intertext_sep=\dimen151
\l_MT_above_shortintertext_sep=\dimen152
\l_MT_below_shortintertext_sep=\dimen153
\xmathstrut@box=\box47
\xmathstrut@dim=\dimen154
)
(C:\Users\andre\AppData\Local\Programs\MiKTeX\tex/latex/amsfonts\amssymb.sty
Package: amssymb 2013/01/14 v3.01 AMS font symbols

(C:\Users\andre\AppData\Local\Programs\MiKTeX\tex/latex/amsfonts\amsfonts.sty
Package: amsfonts 2013/01/14 v3.01 Basic AMSFonts support
\symAMSa=\mathgroup4
\symAMSb=\mathgroup5
LaTeX Font Info:    Redeclaring math symbol \hbar on input line 98.
LaTeX Font Info:    Overwriting math alphabet `\mathfrak' in version `bold'
(Font)                  U/euf/m/n --> U/euf/b/n on input line 106.
)) (C:\Users\andre\AppData\Local\Programs\MiKTeX\tex/latex/graphics\rotating.st
y
Package: rotating 2016/08/11 v2.16d rotated objects in LaTeX

(C:\Users\andre\AppData\Local\Programs\MiKTeX\tex/latex/graphics\graphicx.sty
Package: graphicx 2019/11/30 v1.2a Enhanced LaTeX Graphics (DPC,SPQR)

(C:\Users\andre\AppData\Local\Programs\MiKTeX\tex/latex/graphics\graphics.sty
Package: graphics 2019/11/30 v1.4a Standard LaTeX Graphics (DPC,SPQR)

(C:\Users\andre\AppData\Local\Programs\MiKTeX\tex/latex/graphics\trig.sty
Package: trig 2016/01/03 v1.10 sin cos tan (DPC)
)
(C:\Users\andre\AppData\Local\Programs\MiKTeX\tex/latex/graphics-cfg\graphics.c
fg
File: graphics.cfg 2016/06/04 v1.11 sample graphics configuration
)
Package graphics Info: Driver file: pdftex.def on input line 105.

(C:\Users\andre\AppData\Local\Programs\MiKTeX\tex/latex/graphics-def\pdftex.def
File: pdftex.def 2020/08/26 v1.2 Graphics/color driver for pdftex
))
\Gin@req@height=\dimen155
\Gin@req@width=\dimen156
) (C:\Users\andre\AppData\Local\Programs\MiKTeX\tex/latex/base\ifthen.sty
Package: ifthen 2014/09/29 v1.1c Standard LaTeX ifthen package (DPC)
)
\c@r@tfl@t=\count194
\rotFPtop=\skip56
\rotFPbot=\skip57
\rot@float@box=\box48
\rot@mess@toks=\toks23
)
(C:\Users\andre\AppData\Local\Programs\MiKTeX\tex/latex/preprint\authblk.sty
Package: authblk 2001/02/27 1.3 (PWD)
\affilsep=\skip58
\@affilsep=\skip59
\c@Maxaffil=\count195
\c@authors=\count196
\c@affil=\count197
)
(C:\Users\andre\AppData\Local\Programs\MiKTeX\tex/latex/tocloft\tocloft.sty
Package: tocloft 2017/08/31 v2.3i parameterised ToC, etc., typesetting
Package tocloft Info: The document has section divisions on input line 51.
\cftparskip=\skip60
\cftbeforetoctitleskip=\skip61
\cftaftertoctitleskip=\skip62
\cftbeforepartskip=\skip63
\cftpartnumwidth=\skip64
\cftpartindent=\skip65
\cftbeforesecskip=\skip66
\cftsecindent=\skip67
\cftsecnumwidth=\skip68
\cftbeforesubsecskip=\skip69
\cftsubsecindent=\skip70
\cftsubsecnumwidth=\skip71
\cftbeforesubsubsecskip=\skip72
\cftsubsubsecindent=\skip73
\cftsubsubsecnumwidth=\skip74
\cftbeforeparaskip=\skip75
\cftparaindent=\skip76
\cftparanumwidth=\skip77
\cftbeforesubparaskip=\skip78
\cftsubparaindent=\skip79
\cftsubparanumwidth=\skip80
\cftbeforeloftitleskip=\skip81
\cftafterloftitleskip=\skip82
\cftbeforefigskip=\skip83
\cftfigindent=\skip84
\cftfignumwidth=\skip85
\c@lofdepth=\count198
\c@lotdepth=\count199
\cftbeforelottitleskip=\skip86
\cftafterlottitleskip=\skip87
\cftbeforetabskip=\skip88
\cfttabindent=\skip89
\cfttabnumwidth=\skip90
)
(C:\Users\andre\AppData\Local\Programs\MiKTeX\tex/latex/fancyvrb\fancyvrb.sty
Package: fancyvrb 2022/04/12 4.2 verbatim text (tvz,hv)
\FV@CodeLineNo=\count266
\FV@InFile=\read3
\FV@TabBox=\box49
\c@FancyVerbLine=\count267
\FV@StepNumber=\count268
\FV@OutFile=\write3
)
(C:\Users\andre\AppData\Local\Programs\MiKTeX\tex/latex/appendix\appendix.sty
Package: appendix 2020/02/08 v1.2c extra appendix facilities
\c@@pps=\count269
\c@@ppsavesec=\count270
\c@@ppsaveapp=\count271
)
\c@prevpage=\count272

(C:\Users\andre\AppData\Local\Programs\MiKTeX\tex/latex/biblatex\biblatex.sty
Package: biblatex 2020/08/23 v3.15a programmable bibliographies (PK/MW)

(C:\Users\andre\AppData\Local\Programs\MiKTeX\tex/generic/pdftexcmds\pdftexcmds
.sty
Package: pdftexcmds 2020-06-27 v0.33 Utility functions of pdfTeX for LuaTeX (HO
)

(C:\Users\andre\AppData\Local\Programs\MiKTeX\tex/generic/infwarerr\infwarerr.s
ty
Package: infwarerr 2019/12/03 v1.5 Providing info/warning/error messages (HO)
) (C:\Users\andre\AppData\Local\Programs\MiKTeX\tex/generic/iftex\iftex.sty
Package: iftex 2020/03/06 v1.0d TeX engine tests
)
(C:\Users\andre\AppData\Local\Programs\MiKTeX\tex/generic/ltxcmds\ltxcmds.sty
Package: ltxcmds 2020-05-10 v1.25 LaTeX kernel commands for general use (HO)
)
Package pdftexcmds Info: \pdf@primitive is available.
Package pdftexcmds Info: \pdf@ifprimitive is available.
Package pdftexcmds Info: \pdfdraftmode found.
) (C:\Users\andre\AppData\Local\Programs\MiKTeX\tex/latex/etoolbox\etoolbox.sty
Package: etoolbox 2020/08/24 v2.5j e-TeX tools for LaTeX (JAW)
\etb@tempcnta=\count273
)
(C:\Users\andre\AppData\Local\Programs\MiKTeX\tex/latex/kvoptions\kvoptions.sty
Package: kvoptions 2020-10-07 v3.14 Key value format for package options (HO)

(C:\Users\andre\AppData\Local\Programs\MiKTeX\tex/generic/kvsetkeys\kvsetkeys.s
ty
Package: kvsetkeys 2019/12/15 v1.18 Key value parser (HO)
)) (C:\Users\andre\AppData\Local\Programs\MiKTeX\tex/latex/logreq\logreq.sty
Package: logreq 2010/08/04 v1.0 xml request logger
\lrq@indent=\count274

(C:\Users\andre\AppData\Local\Programs\MiKTeX\tex/latex/logreq\logreq.def
File: logreq.def 2010/08/04 v1.0 logreq spec v1.0
))
(C:\Users\andre\AppData\Local\Programs\MiKTeX\tex/latex/url\url.sty
\Urlmuskip=\muskip17
Package: url 2013/09/16  ver 3.4  Verb mode for urls, etc.
)
\c@tabx@nest=\count275
\c@listtotal=\count276
\c@listcount=\count277
\c@liststart=\count278
\c@liststop=\count279
\c@citecount=\count280
\c@citetotal=\count281
\c@multicitecount=\count282
\c@multicitetotal=\count283
\c@instcount=\count284
\c@maxnames=\count285
\c@minnames=\count286
\c@maxitems=\count287
\c@minitems=\count288
\c@citecounter=\count289
\c@maxcitecounter=\count290
\c@savedcitecounter=\count291
\c@uniquelist=\count292
\c@uniquename=\count293
\c@refsection=\count294
\c@refsegment=\count295
\c@maxextratitle=\count296
\c@maxextratitleyear=\count297
\c@maxextraname=\count298
\c@maxextradate=\count299
\c@maxextraalpha=\count300
\c@abbrvpenalty=\count301
\c@highnamepenalty=\count302
\c@lownamepenalty=\count303
\c@maxparens=\count304
\c@parenlevel=\count305
\blx@tempcnta=\count306
\blx@tempcntb=\count307
\blx@tempcntc=\count308
\blx@maxsection=\count309
\blx@maxsegment@0=\count310
\blx@notetype=\count311
\blx@parenlevel@text=\count312
\blx@parenlevel@foot=\count313
\blx@sectionciteorder@0=\count314
\blx@entrysetcounter=\count315
\blx@biblioinstance=\count316
\labelnumberwidth=\skip91
\labelalphawidth=\skip92
\biblabelsep=\skip93
\bibitemsep=\skip94
\bibnamesep=\skip95
\bibinitsep=\skip96
\bibparsep=\skip97
\bibhang=\skip98
\blx@bcfin=\read4
\blx@bcfout=\write4
\blx@langwohyphens=\language80
\c@mincomprange=\count317
\c@maxcomprange=\count318
\c@mincompwidth=\count319
Package biblatex Info: Trying to load biblatex default data model...
Package biblatex Info: ... file 'blx-dm.def' found.

(C:\Users\andre\AppData\Local\Programs\MiKTeX\tex/latex/biblatex\blx-dm.def
File: blx-dm.def 2020/08/23 v3.15a biblatex localization (PK/MW)
)
Package biblatex Info: Trying to load biblatex style data model...
Package biblatex Info: ... file 'phys.dbx' found.

(C:\Users\andre\AppData\Local\Programs\MiKTeX\tex/latex/biblatex-phys\phys.dbx
File: phys.dbx 2019/12/03 v1.1b biblatex database model extension
)
Package biblatex Info: Trying to load biblatex custom data model...
Package biblatex Info: ... file 'biblatex-dm.cfg' not found.
\c@afterword=\count320
\c@savedafterword=\count321
\c@annotator=\count322
\c@savedannotator=\count323
\c@author=\count324
\c@savedauthor=\count325
\c@bookauthor=\count326
\c@savedbookauthor=\count327
\c@commentator=\count328
\c@savedcommentator=\count329
\c@editor=\count330
\c@savededitor=\count331
\c@editora=\count332
\c@savededitora=\count333
\c@editorb=\count334
\c@savededitorb=\count335
\c@editorc=\count336
\c@savededitorc=\count337
\c@foreword=\count338
\c@savedforeword=\count339
\c@holder=\count340
\c@savedholder=\count341
\c@introduction=\count342
\c@savedintroduction=\count343
\c@namea=\count344
\c@savednamea=\count345
\c@nameb=\count346
\c@savednameb=\count347
\c@namec=\count348
\c@savednamec=\count349
\c@translator=\count350
\c@savedtranslator=\count351
\c@shortauthor=\count352
\c@savedshortauthor=\count353
\c@shorteditor=\count354
\c@savedshorteditor=\count355
\c@labelname=\count356
\c@savedlabelname=\count357
\c@institution=\count358
\c@savedinstitution=\count359
\c@lista=\count360
\c@savedlista=\count361
\c@listb=\count362
\c@savedlistb=\count363
\c@listc=\count364
\c@savedlistc=\count365
\c@listd=\count366
\c@savedlistd=\count367
\c@liste=\count368
\c@savedliste=\count369
\c@listf=\count370
\c@savedlistf=\count371
\c@location=\count372
\c@savedlocation=\count373
\c@organization=\count374
\c@savedorganization=\count375
\c@origlocation=\count376
\c@savedoriglocation=\count377
\c@origpublisher=\count378
\c@savedorigpublisher=\count379
\c@publisher=\count380
\c@savedpublisher=\count381
\c@language=\count382
\c@savedlanguage=\count383
\c@origlanguage=\count384
\c@savedoriglanguage=\count385
\c@pageref=\count386
\c@savedpageref=\count387
\shorthandwidth=\skip99
\shortjournalwidth=\skip100
\shortserieswidth=\skip101
\shorttitlewidth=\skip102
\shortauthorwidth=\skip103
\shorteditorwidth=\skip104
\locallabelnumberwidth=\skip105
\locallabelalphawidth=\skip106
\localshorthandwidth=\skip107
\localshortjournalwidth=\skip108
\localshortserieswidth=\skip109
\localshorttitlewidth=\skip110
\localshortauthorwidth=\skip111
\localshorteditorwidth=\skip112
Package biblatex Info: Trying to load compatibility code...
Package biblatex Info: ... file 'blx-compat.def' found.

(C:\Users\andre\AppData\Local\Programs\MiKTeX\tex/latex/biblatex\blx-compat.def
File: blx-compat.def 2020/08/23 v3.15a biblatex compatibility (PK/MW)
) (C:\Users\andre\AppData\Local\Programs\MiKTeX\tex/latex/l3kernel\expl3.sty
Package: expl3 2020-09-03 L3 programming layer (loader) 

(C:\Users\andre\AppData\Local\Programs\MiKTeX\tex/latex/l3backend\l3backend-pdf
tex.def
File: l3backend-pdftex.def 2020-09-01 L3 backend support: PDF output (pdfTeX)
\l__kernel_color_stack_int=\count388
\l__pdf_internal_box=\box50
))
Package biblatex Info: expl3
(biblatex)             2020-09-03 L3 programming layer (loader) 
(biblatex)             is new enough (at least 2020/04/06),
(biblatex)             setting 'casechanger=expl3'.
Package biblatex Info: Trying to load expl3 case changing code...
Package biblatex Info: ... file 'blx-case-expl3.def' found.

(C:\Users\andre\AppData\Local\Programs\MiKTeX\tex/latex/biblatex\blx-case-expl3
.def
(C:\Users\andre\AppData\Local\Programs\MiKTeX\tex/latex/l3packages/xparse\xpars
e.sty
Package: xparse 2020-05-15 L3 Experimental document command parser

(C:\Users\andre\AppData\Local\Programs\MiKTeX\tex/latex/l3packages/xparse\xpars
e-generic.tex
\l__xparse_current_arg_int=\count389
\g__xparse_grabber_int=\count390
\l__xparse_m_args_int=\count391
\l__xparse_v_nesting_int=\count392
))
File: blx-case-expl3 2020/08/23 v3.15a expl3 case changing code for biblatex
)
Package biblatex Info: Trying to load generic definitions...
Package biblatex Info: ... file 'biblatex.def' found.

(C:\Users\andre\AppData\Local\Programs\MiKTeX\tex/latex/biblatex\biblatex.def
File: biblatex.def 2020/08/23 v3.15a biblatex compatibility (PK/MW)
\c@textcitecount=\count393
\c@textcitetotal=\count394
\c@textcitemaxnames=\count395
\c@biburlbigbreakpenalty=\count396
\c@biburlbreakpenalty=\count397
\c@biburlnumpenalty=\count398
\c@biburlucpenalty=\count399
\c@biburllcpenalty=\count400
\biburlbigskip=\muskip18
\biburlnumskip=\muskip19
\biburlucskip=\muskip20
\biburllcskip=\muskip21
\c@smartand=\count401
)
Package biblatex Info: Trying to load bibliography style 'phys'...
Package biblatex Info: ... file 'phys.bbx' found.

(C:\Users\andre\AppData\Local\Programs\MiKTeX\tex/latex/biblatex-phys\phys.bbx
File: phys.bbx 2019/12/03 v1.1b biblatex bibliography style
Package biblatex Info: Trying to load bibliography style 'numeric-comp'...
Package biblatex Info: ... file 'numeric-comp.bbx' found.

(C:\Users\andre\AppData\Local\Programs\MiKTeX\tex/latex/biblatex/bbx\numeric-co
mp.bbx
File: numeric-comp.bbx 2020/08/23 v3.15a biblatex bibliography style (PK/MW)
Package biblatex Info: Trying to load bibliography style 'numeric'...
Package biblatex Info: ... file 'numeric.bbx' found.

(C:\Users\andre\AppData\Local\Programs\MiKTeX\tex/latex/biblatex/bbx\numeric.bb
x
File: numeric.bbx 2020/08/23 v3.15a biblatex bibliography style (PK/MW)
Package biblatex Info: Trying to load bibliography style 'standard'...
Package biblatex Info: ... file 'standard.bbx' found.

(C:\Users\andre\AppData\Local\Programs\MiKTeX\tex/latex/biblatex/bbx\standard.b
bx
File: standard.bbx 2020/08/23 v3.15a biblatex bibliography style (PK/MW)
\c@bbx:relatedcount=\count402
\c@bbx:relatedtotal=\count403
))))
Package biblatex Info: Trying to load citation style 'phys'...
Package biblatex Info: ... file 'phys.cbx' found.

(C:\Users\andre\AppData\Local\Programs\MiKTeX\tex/latex/biblatex-phys\phys.cbx
File: phys.cbx 2019/12/03 v1.1b biblatex citation style
Package biblatex Info: Trying to load citation style 'numeric-comp'...
Package biblatex Info: ... file 'numeric-comp.cbx' found.

(C:\Users\andre\AppData\Local\Programs\MiKTeX\tex/latex/biblatex/cbx\numeric-co
mp.cbx
File: numeric-comp.cbx 2020/08/23 v3.15a biblatex citation style (PK/MW)
\c@cbx@tempcnta=\count404
\c@cbx@tempcntb=\count405
\c@cbx@tempcntc=\count406
\c@cbx@tempcntd=\count407
Package biblatex Info: Redefining '\cite'.
Package biblatex Info: Redefining '\parencite'.
Package biblatex Info: Redefining '\footcite'.
Package biblatex Info: Redefining '\footcitetext'.
Package biblatex Info: Redefining '\smartcite'.
Package biblatex Info: Redefining '\supercite'.
Package biblatex Info: Redefining '\textcite'.
Package biblatex Info: Redefining '\textcites'.
Package biblatex Info: Redefining '\cites'.
Package biblatex Info: Redefining '\parencites'.
Package biblatex Info: Redefining '\smartcites'.
))
Package biblatex Info: Trying to load configuration file...
Package biblatex Info: ... file 'biblatex.cfg' found.

(C:\Users\andre\AppData\Local\Programs\MiKTeX\tex/latex/biblatex\biblatex.cfg
File: biblatex.cfg 
))

Package biblatex Warning: 'babel/polyglossia' detected but 'csquotes' missing.
(biblatex)                Loading 'csquotes' recommended.

\@quotelevel=\count408
\@quotereset=\count409
(notes.aux)
\openout1 = `notes.aux'.

LaTeX Font Info:    Checking defaults for OML/cmm/m/it on input line 38.
LaTeX Font Info:    ... okay on input line 38.
LaTeX Font Info:    Checking defaults for OMS/cmsy/m/n on input line 38.
LaTeX Font Info:    ... okay on input line 38.
LaTeX Font Info:    Checking defaults for OT1/cmr/m/n on input line 38.
LaTeX Font Info:    ... okay on input line 38.
LaTeX Font Info:    Checking defaults for T1/cmr/m/n on input line 38.
LaTeX Font Info:    ... okay on input line 38.
LaTeX Font Info:    Checking defaults for TS1/cmr/m/n on input line 38.
LaTeX Font Info:    ... okay on input line 38.
LaTeX Font Info:    Checking defaults for OMX/cmex/m/n on input line 38.
LaTeX Font Info:    ... okay on input line 38.
LaTeX Font Info:    Checking defaults for U/cmr/m/n on input line 38.
LaTeX Font Info:    ... okay on input line 38.

(C:\Users\andre\AppData\Local\Programs\MiKTeX\tex/context/base/mkii\supp-pdf.mk
ii
[Loading MPS to PDF converter (version 2006.09.02).]
\scratchcounter=\count410
\scratchdimen=\dimen157
\scratchbox=\box51
\nofMPsegments=\count411
\nofMParguments=\count412
\everyMPshowfont=\toks24
\MPscratchCnt=\count413
\MPscratchDim=\dimen158
\MPnumerator=\count414
\makeMPintoPDFobject=\count415
\everyMPtoPDFconversion=\toks25
)
(C:\Users\andre\AppData\Local\Programs\MiKTeX\tex/latex/epstopdf-pkg\epstopdf-b
ase.sty
Package: epstopdf-base 2020-01-24 v2.11 Base part for package epstopdf
Package epstopdf-base Info: Redefining graphics rule for `.eps' on input line 4
85.
)
Package biblatex Info: Trying to load language 'english'...
Package biblatex Info: ... file 'english.lbx' found.

(C:\Users\andre\AppData\Local\Programs\MiKTeX\tex/latex/biblatex/lbx\english.lb
x
File: english.lbx 2020/08/23 v3.15a biblatex localization (PK/MW)
)
Package biblatex Info: Input encoding 'utf8' detected.
Package biblatex Info: Automatic encoding selection.
(biblatex)             Assuming data encoding 'utf8'.
\openout4 = `notes.bcf'.

Package biblatex Info: Trying to load bibliographic data...
Package biblatex Info: ... file 'notes.bbl' found.
 (notes.bbl)
Package biblatex Info: Reference section=0 on input line 38.
Package biblatex Info: Reference segment=0 on input line 38.
LaTeX Font Info:    Trying to load font information for U+msa on input line 39.


(C:\Users\andre\AppData\Local\Programs\MiKTeX\tex/latex/amsfonts\umsa.fd
File: umsa.fd 2013/01/14 v3.01 AMS symbols A
)
LaTeX Font Info:    Trying to load font information for U+msb on input line 39.


(C:\Users\andre\AppData\Local\Programs\MiKTeX\tex/latex/amsfonts\umsb.fd
File: umsb.fd 2013/01/14 v3.01 AMS symbols B
)
[1

{C:/Users/andre/AppData/Local/MiKTeX/pdftex/config/pdftex.map}] (notes.toc)
\tf@toc=\write5
\openout5 = `notes.toc'.


[2

] (notes.lof)
\tf@lof=\write6
\openout6 = `notes.lof'.

 [3

]

LaTeX Warning: Citation 'Fisz1996a' on page 4 undefined on input line 57.


LaTeX Warning: Citation 'Fisz1996b' on page 4 undefined on input line 57.

<figures/angles_theta_phi.png, id=20, 193.2018pt x 163.3302pt>
File: figures/angles_theta_phi.png Graphic file (type png)
<use figures/angles_theta_phi.png>
Package pdftex.def Info: figures/angles_theta_phi.png  used on input line 81.
(pdftex.def)             Requested size: 172.5pt x 145.83942pt.

LaTeX Warning: Citation 'CourantHilbertV1' on page 4 undefined on input line 87
.


LaTeX Warning: Citation 'Wieczorek2018' on page 4 undefined on input line 87.

[4

]

LaTeX Warning: Citation 'LakowiczBook' on page 5 undefined on input line 99.

[5 <./figures/angles_theta_phi.png>]

LaTeX Warning: Citation 'Fisz1996b' on page 6 undefined on input line 111.


LaTeX Warning: Citation 'Fisz1996a' on page 6 undefined on input line 124.

[6]

LaTeX Warning: Citation 'AngularMomentumBook' on page 7 undefined on input line
 151.

[7] [8]

LaTeX Warning: Citation 'Fisz2005' on page 9 undefined on input line 250.


LaTeX Warning: Citation 'TkachenkoBook' on page 9 undefined on input line 261.

[9]

LaTeX Warning: Citation 'Fisz2005' on page 10 undefined on input line 269.


LaTeX Warning: Citation 'Fisz2005' on page 10 undefined on input line 275.


LaTeX Warning: Citation 'Fisz2005' on page 10 undefined on input line 287.


LaTeX Warning: Citation 'Laptenok2018' on page 10 undefined on input line 306.


LaTeX Warning: Citation 'Woodhouse2020' on page 10 undefined on input line 306.



LaTeX Warning: Citation 'Nienhaus2016' on page 10 undefined on input line 306.

[10]
<figures/rsFP_4states_8states_kinetic_models.png, id=54, 407.6028pt x 281.3712p
t>
File: figures/rsFP_4states_8states_kinetic_models.png Graphic file (type png)
<use figures/rsFP_4states_8states_kinetic_models.png>
Package pdftex.def Info: figures/rsFP_4states_8states_kinetic_models.png  used 
on input line 325.
(pdftex.def)             Requested size: 345.0pt x 238.1577pt.
 [11] [12 <./figures/rsFP_4states_8states_kinetic_models.png>]

LaTeX Warning: Citation 'Yadav2015b' on page 13 undefined on input line 374.

[13]

LaTeX Warning: Citation 'Khatib2016' on page 14 undefined on input line 394.


LaTeX Warning: Citation 'Khatib2016' on page 14 undefined on input line 395.


Overfull \hbox (2.71541pt too wide) in paragraph at lines 394--396
\OT1/cmr/m/n/10 state and off-state can be spec-i-fied with the ex-tinc-tion co
-ef-fi-cients [[]], 
 []


LaTeX Warning: Citation 'TkachenkoBook' on page 14 undefined on input line 404.



LaTeX Warning: Citation 'Khatib2016' on page 14 undefined on input line 409.


LaTeX Warning: Citation 'Testa2015' on page 14 undefined on input line 417.


LaTeX Warning: Citation 'Woodhouse2020' on page 14 undefined on input line 417.



LaTeX Warning: Citation 'Woodhouse2020' on page 14 undefined on input line 417.



LaTeX Warning: Reference `sec:high_power_offswitching' on page 14 undefined on 
input line 417.


LaTeX Warning: Citation 'Woodhouse2020' on page 14 undefined on input line 418.



Overfull \hbox (36.4675pt too wide) in paragraph at lines 416--419
\OT1/cmr/m/n/10 The flu-o-res-cence life-times are $\OML/cmm/m/it/10 [] \OT1/c
mr/m/n/10 = 1\OML/cmm/m/it/10 :\OT1/cmr/m/n/10 6$ ns [[]] and $\OML/cmm/m/it/10
 [] \OMS/cmsy/m/n/10 $ \OT1/cmr/m/n/10 ps [[]]
 []


LaTeX Warning: Reference `sec:starss2_fit' on page 14 undefined on input line 4
20.


Overfull \hbox (10.21645pt too wide) in paragraph at lines 420--421
\OT1/cmr/m/n/10 quan-tum yields en-able the back-conversion from the in-ter-me-
di-ate states. $[]$
 []

[14] [15]
<figures/starss1_pulse_scheme.png, id=73, 433.62pt x 289.08pt>
File: figures/starss1_pulse_scheme.png Graphic file (type png)
<use figures/starss1_pulse_scheme.png>
Package pdftex.def Info: figures/starss1_pulse_scheme.png  used on input line 4
34.
(pdftex.def)             Requested size: 276.00105pt x 184.00926pt.


LaTeX Warning: Citation 'Woodhouse2020' on page 16 undefined on input line 441.


[16

 <./figures/starss1_pulse_scheme.png>]
<figures/starss1_signal.png, id=78, 433.62pt x 289.08pt>
File: figures/starss1_signal.png Graphic file (type png)
<use figures/starss1_signal.png>
Package pdftex.def Info: figures/starss1_signal.png  used on input line 449.
(pdftex.def)             Requested size: 276.00105pt x 184.00926pt.


LaTeX Warning: Citation 'LakowiczBook' on page 17 undefined on input line 455.

[17 <./figures/starss1_signal.png>]
<figures/starss1_anisotropy_exponential_decays.png, id=83, 433.62pt x 289.08pt>

File: figures/starss1_anisotropy_exponential_decays.png Graphic file (type png)

<use figures/starss1_anisotropy_exponential_decays.png>
Package pdftex.def Info: figures/starss1_anisotropy_exponential_decays.png  use
d on input line 465.
(pdftex.def)             Requested size: 276.00105pt x 184.00926pt.


LaTeX Warning: Citation 'Yadav2015' on page 18 undefined on input line 472.


LaTeX Warning: Citation 'LakowiczBook' on page 18 undefined on input line 472.

[18 <./figures/starss1_anisotropy_exponential_decays.png>]
<figures/starss1_spheres_time_axis.png, id=88, 469.755pt x 259.2084pt>
File: figures/starss1_spheres_time_axis.png Graphic file (type png)
<use figures/starss1_spheres_time_axis.png>
Package pdftex.def Info: figures/starss1_spheres_time_axis.png  used on input l
ine 488.
(pdftex.def)             Requested size: 345.0pt x 190.36755pt.
 [19 <./figures/starss1_spheres_time_axis.png>] [20]

LaTeX Warning: Citation 'Laptenok2018' on page 21 undefined on input line 501.


LaTeX Warning: Citation 'Woodhouse2020' on page 21 undefined on input line 501.


<figures/starss2_pulse_scheme.png, id=97, 433.62pt x 289.08pt>
File: figures/starss2_pulse_scheme.png Graphic file (type png)
<use figures/starss2_pulse_scheme.png>
Package pdftex.def Info: figures/starss2_pulse_scheme.png  used on input line 5
10.
(pdftex.def)             Requested size: 276.00105pt x 184.00926pt.
<figures/starss2_signal.png, id=98, 433.62pt x 289.08pt>
File: figures/starss2_signal.png Graphic file (type png)
<use figures/starss2_signal.png>
Package pdftex.def Info: figures/starss2_signal.png  used on input line 520.
(pdftex.def)             Requested size: 276.00105pt x 184.00926pt.

LaTeX Warning: `!h' float specifier changed to `!ht'.

[21


 <./figures/starss2_pulse_scheme.png>]
<figures/starss2_anisotropy_multiple_decays.png, id=103, 433.62pt x 289.08pt>
File: figures/starss2_anisotropy_multiple_decays.png Graphic file (type png)
<use figures/starss2_anisotropy_multiple_decays.png>
Package pdftex.def Info: figures/starss2_anisotropy_multiple_decays.png  used o
n input line 536.
(pdftex.def)             Requested size: 276.00105pt x 184.00926pt.


LaTeX Warning: `!h' float specifier changed to `!ht'.

<figures/starss2_spheres_time_axis.png, id=104, 450.9648pt x 196.0926pt>
File: figures/starss2_spheres_time_axis.png Graphic file (type png)
<use figures/starss2_spheres_time_axis.png>
Package pdftex.def Info: figures/starss2_spheres_time_axis.png  used on input l
ine 546.
(pdftex.def)             Requested size: 345.0pt x 150.02231pt.

LaTeX Warning: `!h' float specifier changed to `!ht'.

[22 <./figures/starss2_signal.png>] [23 <./figures/starss2_anisotropy_multiple_
decays.png> <./figures/starss2_spheres_time_axis.png>]
<figures/starss3_pulse_scheme.png, id=115, 433.62pt x 289.08pt>
File: figures/starss3_pulse_scheme.png Graphic file (type png)
<use figures/starss3_pulse_scheme.png>
Package pdftex.def Info: figures/starss3_pulse_scheme.png  used on input line 5
67.
(pdftex.def)             Requested size: 276.00105pt x 184.00926pt.


LaTeX Warning: `!h' float specifier changed to `!ht'.

<figures/starss3_signal.png, id=116, 433.62pt x 289.08pt>
File: figures/starss3_signal.png Graphic file (type png)
<use figures/starss3_signal.png>
Package pdftex.def Info: figures/starss3_signal.png  used on input line 577.
(pdftex.def)             Requested size: 276.00105pt x 184.00926pt.

LaTeX Warning: `!h' float specifier changed to `!ht'.

<figures/starss3_signals.png, id=117, 433.62pt x 289.08pt>
File: figures/starss3_signals.png Graphic file (type png)
<use figures/starss3_signals.png>
Package pdftex.def Info: figures/starss3_signals.png  used on input line 587.
(pdftex.def)             Requested size: 276.00105pt x 184.00926pt.

LaTeX Warning: `!h' float specifier changed to `!ht'.

[24

] [25 <./figures/starss3_pulse_scheme.png> <./figures/starss3_signal.png>]
[26 <./figures/starss3_signals.png>]

LaTeX Warning: Empty bibliography on input line 599.

(notes.aux)

LaTeX Warning: There were undefined references.


Package biblatex Warning: Please (re)run Biber on the file:
(biblatex)                notes
(biblatex)                and rerun LaTeX afterwards.

Package logreq Info: Writing requests to 'notes.run.xml'.
\openout1 = `notes.run.xml'.

 ) 
Here is how much of TeX's memory you used:
 12703 strings out of 481199
 230154 string characters out of 2905595
 908258 words of memory out of 3000000
 28125 multiletter control sequences out of 15000+200000
 546671 words of font info for 73 fonts, out of 3000000 for 9000
 1141 hyphenation exceptions out of 8191
 44i,13n,39p,1417b,1724s stack positions out of 5000i,500n,10000p,200000b,50000s
<C:/Users/andre/AppData/Local/Programs/MiKTeX/fonts/type1/public/amsfonts/cm/
cmbx10.pfb><C:/Users/andre/AppData/Local/Programs/MiKTeX/fonts/type1/public/ams
fonts/cm/cmbx12.pfb><C:/Users/andre/AppData/Local/Programs/MiKTeX/fonts/type1/p
ublic/amsfonts/cm/cmbx7.pfb><C:/Users/andre/AppData/Local/Programs/MiKTeX/fonts
/type1/public/amsfonts/cm/cmex10.pfb><C:/Users/andre/AppData/Local/Programs/MiK
TeX/fonts/type1/public/amsfonts/cm/cmmi10.pfb><C:/Users/andre/AppData/Local/Pro
grams/MiKTeX/fonts/type1/public/amsfonts/cm/cmmi5.pfb><C:/Users/andre/AppData/L
ocal/Programs/MiKTeX/fonts/type1/public/amsfonts/cm/cmmi7.pfb><C:/Users/andre/A
ppData/Local/Programs/MiKTeX/fonts/type1/public/amsfonts/cm/cmr10.pfb><C:/Users
/andre/AppData/Local/Programs/MiKTeX/fonts/type1/public/amsfonts/cm/cmr12.pfb><
C:/Users/andre/AppData/Local/Programs/MiKTeX/fonts/type1/public/amsfonts/cm/cmr
17.pfb><C:/Users/andre/AppData/Local/Programs/MiKTeX/fonts/type1/public/amsfont
s/cm/cmr5.pfb><C:/Users/andre/AppData/Local/Programs/MiKTeX/fonts/type1/public/
amsfonts/cm/cmr6.pfb><C:/Users/andre/AppData/Local/Programs/MiKTeX/fonts/type1/
public/amsfonts/cm/cmr7.pfb><C:/Users/andre/AppData/Local/Programs/MiKTeX/fonts
/type1/public/amsfonts/cm/cmr8.pfb><C:/Users/andre/AppData/Local/Programs/MiKTe
X/fonts/type1/public/amsfonts/cm/cmsy10.pfb><C:/Users/andre/AppData/Local/Progr
ams/MiKTeX/fonts/type1/public/amsfonts/cm/cmsy7.pfb><C:/Users/andre/AppData/Loc
al/Programs/MiKTeX/fonts/type1/public/amsfonts/cm/cmti10.pfb><C:/Users/andre/Ap
pData/Local/Programs/MiKTeX/fonts/type1/public/amsfonts/cm/cmti9.pfb><C:/Users/
andre/AppData/Local/Programs/MiKTeX/fonts/type1/public/amsfonts/cm/cmtt12.pfb><
C:/Users/andre/AppData/Local/Programs/MiKTeX/fonts/type1/public/amsfonts/symbol
s/msam10.pfb>
Output written on notes.pdf (26 pages, 1218897 bytes).
PDF statistics:
 193 PDF objects out of 1000 (max. 8388607)
 0 named destinations out of 1000 (max. 500000)
 66 words of extra memory for PDF output out of 10000 (max. 10000000)

